<?xml version="1.0" encoding="UTF-8"?>
<!-- Generated by org.testng.reporters.JUnitReportReporter -->
<testsuite skipped="0" hostname="Vika" name="ru.lesson.JDITest" tests="1" failures="0" timestamp="27 мая 2018 21:21:39 GMT" time="20.017" errors="1">
  <testcase name="welcomePageTest" time="20.017" classname="ru.lesson.JDITest">
    <error type="java.lang.RuntimeException" message="java.lang.AssertionError: Do action Open page &#039;EpamJDISite&#039; failed. Can&#039;t get result. Reason: java.lang.AssertionError: Can&#039;t get driver; Thread: 1
Drivers: CHROME:com.epam.jdi.uitests.web.selenium.driver.SeleniumDriverFactory$$Lambda$36/4662612@1112965; Run: java.lang.ThreadLocal@3e4e87Exception: The driver executable does not exist: F:\IdeaProjects\OTUS\MyHomeWork\forGitHub\TempTemp\JDIFirstExample\src\main\resources\driver\chromedriver.exe">
      <![CDATA[java.lang.RuntimeException: java.lang.AssertionError: Do action Open page 'EpamJDISite' failed. Can't get result. Reason: java.lang.AssertionError: Can't get driver; Thread: 1
Drivers: CHROME:com.epam.jdi.uitests.web.selenium.driver.SeleniumDriverFactory$$Lambda$36/4662612@1112965; Run: java.lang.ThreadLocal@3e4e87Exception: The driver executable does not exist: F:\IdeaProjects\OTUS\MyHomeWork\forGitHub\TempTemp\JDIFirstExample\src\main\resources\driver\chromedriver.exe
	at com.epam.commons.Timer.wait(Timer.java:128)
	at com.epam.commons.Timer.alwaysDoneAction(Timer.java:90)
	at com.epam.jdi.uitests.web.selenium.elements.actions.ActionInvoker.doJAction(ActionInvoker.java:73)
	at com.epam.jdi.uitests.web.selenium.elements.actions.ActionInvoker.doJAction(ActionInvoker.java:69)
	at com.epam.jdi.uitests.web.selenium.elements.composite.WebPage.open(WebPage.java:134)
	at com.epam.jdi.uitests.web.selenium.elements.composite.WebPage.open(WebPage.java:126)
	at com.epam.jdi.uitests.web.selenium.elements.composite.WebSite.open(WebSite.java:57)
	at ru.lesson.JDITest.welcomePageTest(JDITest.java:14)
	at sun.reflect.NativeMethodAccessorImpl.invoke0(Native Method)
	at sun.reflect.NativeMethodAccessorImpl.invoke(NativeMethodAccessorImpl.java:62)
	at sun.reflect.DelegatingMethodAccessorImpl.invoke(DelegatingMethodAccessorImpl.java:43)
	at java.lang.reflect.Method.invoke(Method.java:498)
	at org.testng.internal.MethodInvocationHelper.invokeMethod(MethodInvocationHelper.java:108)
	at org.testng.internal.Invoker.invokeMethod(Invoker.java:661)
	at org.testng.internal.Invoker.invokeTestMethod(Invoker.java:869)
	at org.testng.internal.Invoker.invokeTestMethods(Invoker.java:1193)
	at org.testng.internal.TestMethodWorker.invokeTestMethods(TestMethodWorker.java:126)
	at org.testng.internal.TestMethodWorker.run(TestMethodWorker.java:109)
	at org.testng.TestRunner.privateRun(TestRunner.java:744)
	at org.testng.TestRunner.run(TestRunner.java:602)
	at org.testng.SuiteRunner.runTest(SuiteRunner.java:380)
	at org.testng.SuiteRunner.runSequentially(SuiteRunner.java:375)
	at org.testng.SuiteRunner.privateRun(SuiteRunner.java:340)
	at org.testng.SuiteRunner.run(SuiteRunner.java:289)
	at org.testng.SuiteRunnerWorker.runSuite(SuiteRunnerWorker.java:52)
	at org.testng.SuiteRunnerWorker.run(SuiteRunnerWorker.java:86)
	at org.testng.TestNG.runSuitesSequentially(TestNG.java:1301)
	at org.testng.TestNG.runSuitesLocally(TestNG.java:1226)
	at org.testng.TestNG.runSuites(TestNG.java:1144)
	at org.testng.TestNG.run(TestNG.java:1115)
	at org.apache.maven.surefire.testng.TestNGExecutor.run(TestNGExecutor.java:135)
	at org.apache.maven.surefire.testng.TestNGDirectoryTestSuite.executeMulti(TestNGDirectoryTestSuite.java:193)
	at org.apache.maven.surefire.testng.TestNGDirectoryTestSuite.execute(TestNGDirectoryTestSuite.java:94)
	at org.apache.maven.surefire.testng.TestNGProvider.invoke(TestNGProvider.java:146)
	at org.apache.maven.surefire.booter.ForkedBooter.invokeProviderInSameClassLoader(ForkedBooter.java:379)
	at org.apache.maven.surefire.booter.ForkedBooter.runSuitesInProcess(ForkedBooter.java:340)
	at org.apache.maven.surefire.booter.ForkedBooter.execute(ForkedBooter.java:125)
	at org.apache.maven.surefire.booter.ForkedBooter.main(ForkedBooter.java:413)
Caused by: java.lang.AssertionError: Do action Open page 'EpamJDISite' failed. Can't get result. Reason: java.lang.AssertionError: Can't get driver; Thread: 1
Drivers: CHROME:com.epam.jdi.uitests.web.selenium.driver.SeleniumDriverFactory$$Lambda$36/4662612@1112965; Run: java.lang.ThreadLocal@3e4e87Exception: The driver executable does not exist: F:\IdeaProjects\OTUS\MyHomeWork\forGitHub\TempTemp\JDIFirstExample\src\main\resources\driver\chromedriver.exe
	at org.testng.Assert.fail(Assert.java:93)
	at com.epam.web.matcher.base.BaseMatcher.assertException(BaseMatcher.java:197)
	at com.epam.web.matcher.base.BaseMatcher.exception(BaseMatcher.java:185)
	at com.epam.jdi.uitests.web.selenium.elements.actions.ActionScenrios.lambda$null$1(ActionScenrios.java:54)
	at com.epam.jdi.uitests.core.logger.JDILogger.lambda$logOff$0(JDILogger.java:34)
	at com.epam.jdi.uitests.core.logger.JDILogger.logOff(JDILogger.java:43)
	at com.epam.jdi.uitests.core.logger.JDILogger.logOff(JDILogger.java:34)
	at com.epam.jdi.uitests.web.selenium.elements.actions.ActionScenrios.lambda$static$2(ActionScenrios.java:47)
	at com.epam.jdi.uitests.web.selenium.elements.actions.ActionScenrios.actionScenario(ActionScenrios.java:60)
	at com.epam.jdi.uitests.web.selenium.elements.actions.ActionInvoker.lambda$doJAction$0(ActionInvoker.java:75)
	at com.epam.commons.Timer.lambda$alwaysDoneAction$1(Timer.java:91)
	at com.epam.commons.Timer.wait(Timer.java:123)
	... 37 more
]]>
    </error>
  </testcase> <!-- welcomePageTest -->
</testsuite> <!-- ru.lesson.JDITest -->
