<?xml version="1.0" encoding="UTF-8"?>
<!-- Generated by org.testng.reporters.JUnitXMLReporter -->
<testsuite hostname="Vika" ignored="3" name="Surefire test" tests="1" failures="1" timestamp="27 мая 2018 21:21:39 GMT" time="20.048" errors="0">
  <testcase name="welcomePageTest" time="20.017" classname="ru.lesson.JDITest">
    <failure type="java.lang.RuntimeException" message="java.lang.AssertionError: Do action Open page &amp;apos;EpamJDISite&amp;apos; failed. Can&amp;apos;t get result. Reason: java.lang.AssertionError: Can&amp;apos;t get driver; Thread: 1
Drivers: CHROME:com.epam.jdi.uitests.web.selenium.driver.SeleniumDriverFactory$$Lambda$36/4662612@1112965; Run: java.lang.ThreadLocal@3e4e87Exception: The driver executable does not exist: F:\IdeaProjects\OTUS\MyHomeWork\forGitHub\TempTemp\JDIFirstExample\src\main\resources\driver\chromedriver.exe">
      <![CDATA[java.lang.RuntimeException: java.lang.AssertionError: Do action Open page 'EpamJDISite' failed. Can't get result. Reason: java.lang.AssertionError: Can't get driver; Thread: 1
Drivers: CHROME:com.epam.jdi.uitests.web.selenium.driver.SeleniumDriverFactory$$Lambda$36/4662612@1112965; Run: java.lang.ThreadLocal@3e4e87Exception: The driver executable does not exist: F:\IdeaProjects\OTUS\MyHomeWork\forGitHub\TempTemp\JDIFirstExample\src\main\resources\driver\chromedriver.exe
	at com.epam.commons.Timer.wait(Timer.java:128)
	at com.epam.commons.Timer.alwaysDoneAction(Timer.java:90)
	at com.epam.jdi.uitests.web.selenium.elements.actions.ActionInvoker.doJAction(ActionInvoker.java:73)
	at com.epam.jdi.uitests.web.selenium.elements.actions.ActionInvoker.doJAction(ActionInvoker.java:69)
	at com.epam.jdi.uitests.web.selenium.elements.composite.WebPage.open(WebPage.java:134)
	at com.epam.jdi.uitests.web.selenium.elements.composite.WebPage.open(WebPage.java:126)
	at com.epam.jdi.uitests.web.selenium.elements.composite.WebSite.open(WebSite.java:57)
	at ru.lesson.JDITest.welcomePageTest(JDITest.java:14)
Caused by: java.lang.AssertionError: Do action Open page 'EpamJDISite' failed. Can't get result. Reason: java.lang.AssertionError: Can't get driver; Thread: 1
Drivers: CHROME:com.epam.jdi.uitests.web.selenium.driver.SeleniumDriverFactory$$Lambda$36/4662612@1112965; Run: java.lang.ThreadLocal@3e4e87Exception: The driver executable does not exist: F:\IdeaProjects\OTUS\MyHomeWork\forGitHub\TempTemp\JDIFirstExample\src\main\resources\driver\chromedriver.exe
	at com.epam.web.matcher.base.BaseMatcher.assertException(BaseMatcher.java:197)
	at com.epam.web.matcher.base.BaseMatcher.exception(BaseMatcher.java:185)
	at com.epam.jdi.uitests.web.selenium.elements.actions.ActionScenrios.lambda$null$1(ActionScenrios.java:54)
	at com.epam.jdi.uitests.core.logger.JDILogger.lambda$logOff$0(JDILogger.java:34)
	at com.epam.jdi.uitests.core.logger.JDILogger.logOff(JDILogger.java:43)
	at com.epam.jdi.uitests.core.logger.JDILogger.logOff(JDILogger.java:34)
	at com.epam.jdi.uitests.web.selenium.elements.actions.ActionScenrios.lambda$static$2(ActionScenrios.java:47)
	at com.epam.jdi.uitests.web.selenium.elements.actions.ActionScenrios.actionScenario(ActionScenrios.java:60)
	at com.epam.jdi.uitests.web.selenium.elements.actions.ActionInvoker.lambda$doJAction$0(ActionInvoker.java:75)
	at com.epam.commons.Timer.lambda$alwaysDoneAction$1(Timer.java:91)
	at com.epam.commons.Timer.wait(Timer.java:123)
	... 37 more
... Removed 31 stack frames]]>
    </failure>
  </testcase> <!-- welcomePageTest -->
  <testcase name="@BeforeSuite setUp" time="0.0" classname="ru.lesson.BaseTest">
    <ignored/>
  </testcase> <!-- @BeforeSuite setUp -->
  <testcase name="@BeforeSuite jdiSetUp" time="0.0" classname="com.epam.jdi.uitests.web.testng.testRunner.TestNGBase">
    <ignored/>
  </testcase> <!-- @BeforeSuite jdiSetUp -->
  <testcase name="@AfterSuite jdiTearDown" time="0.0" classname="com.epam.jdi.uitests.web.testng.testRunner.TestNGBase">
    <ignored/>
  </testcase> <!-- @AfterSuite jdiTearDown -->
</testsuite> <!-- Surefire test -->
