<?xml version="1.0" encoding="UTF-8"?>
<!-- Generated by org.testng.reporters.JUnitXMLReporter -->
<testsuite hostname="Vika" ignored="0" name="Surefire test" tests="4" failures="0" timestamp="14 мая 2018 21:05:09 GMT" time="0.062" errors="0">
  <testcase name="@BeforeClass beforeAllTests" time="0.046" classname="ru.lesson4.BaseTest">
    <failure type="java.lang.IllegalStateException" message="The path to the driver executable must be set by the webdriver.chrome.driver system property; for more information, see https://github.com/SeleniumHQ/selenium/wiki/ChromeDriver. The latest version can be downloaded from http://chromedriver.storage.googleapis.com/index.html">
      <![CDATA[java.lang.IllegalStateException: The path to the driver executable must be set by the webdriver.chrome.driver system property; for more information, see https://github.com/SeleniumHQ/selenium/wiki/ChromeDriver. The latest version can be downloaded from http://chromedriver.storage.googleapis.com/index.html
at com.google.common.base.Preconditions.checkState(Preconditions.java:847)
at org.openqa.selenium.remote.service.DriverService.findExecutable(DriverService.java:124)
at org.openqa.selenium.chrome.ChromeDriverService.access$000(ChromeDriverService.java:32)
at org.openqa.selenium.chrome.ChromeDriverService$Builder.findDefaultExecutable(ChromeDriverService.java:137)
at org.openqa.selenium.remote.service.DriverService$Builder.build(DriverService.java:339)
at org.openqa.selenium.chrome.ChromeDriverService.createDefaultService(ChromeDriverService.java:88)
at org.openqa.selenium.chrome.ChromeDriver.<init>(ChromeDriver.java:123)
at ru.lesson4.BaseTest.createChromeDriver(BaseTest.java:35)
at ru.lesson4.BaseTest.getDriver(BaseTest.java:47)
at ru.lesson4.BaseTest.beforeAllTests(BaseTest.java:70)
... Removed 31 stack frames]]>
    </failure>
  </testcase> <!-- @BeforeClass beforeAllTests -->
  <testcase name="@AfterClass afterAllTests" time="0.0" classname="ru.lesson4.BaseTest">
    <skipped/>
  </testcase> <!-- @AfterClass afterAllTests -->
  <testcase name="test1" time="0.0" classname="ru.lesson4.FirstTest">
    <skipped/>
  </testcase> <!-- test1 -->
  <testcase name="test2" time="0.0" classname="ru.lesson4.FirstTest">
    <skipped/>
  </testcase> <!-- test2 -->
  <testcase name="test3" time="0.0" classname="ru.lesson4.FirstTest">
    <skipped/>
  </testcase> <!-- test3 -->
  <testcase name="test4" time="0.0" classname="ru.lesson4.FirstTest">
    <skipped/>
  </testcase> <!-- test4 -->
</testsuite> <!-- Surefire test -->
